{"timestamp":"2026-07-18T18:13:26.4785137+05:30","level":"INFO","class":"org.springframework.boot.web.embedded.tomcat.GracefulShutdown","message":"Commencing graceful shutdown. Waiting for active requests to complete"}
{"timestamp":"2026-07-18T18:13:26.5907097+05:30","level":"INFO","class":"org.springframework.boot.web.embedded.tomcat.GracefulShutdown","message":"Graceful shutdown complete"}
{"timestamp":"2026-07-18T18:13:26.6305024+05:30","level":"INFO","class":"org.springframework.orm.jpa.LocalContainerEntityManagerFactoryBean","message":"Closing JPA EntityManagerFactory for persistence unit 'default'"}
{"timestamp":"2026-07-18T18:13:26.6716122+05:30","level":"INFO","class":"com.zaxxer.hikari.HikariDataSource","message":"HikariPool-1 - Shutdown initiated..."}
{"timestamp":"2026-07-18T18:13:26.6952925+05:30","level":"INFO","class":"com.zaxxer.hikari.HikariDataSource","message":"HikariPool-1 - Shutdown completed."}
{"timestamp":"2026-07-18T18:13:35.0026257+05:30","level":"INFO","class":"org.hibernate.validator.internal.util.Version","message":"HV000001: Hibernate Validator 8.0.2.Final"}
{"timestamp":"2026-07-18T18:13:35.0994282+05:30","level":"INFO","class":"com.sridhar.springboot.SpringbootApplication","message":"Starting SpringbootApplication using Java 25.0.1 with PID 3012 (D:\\chrome\\springboot\\springboot-profile\\target\\classes started by Administrator in D:\\chrome\\springboot\\springboot-profile)"}
{"timestamp":"2026-07-18T18:13:35.1021369+05:30","level":"DEBUG","class":"com.sridhar.springboot.SpringbootApplication","message":"Running with Spring Boot v3.5.3, Spring v6.2.8"}
{"timestamp":"2026-07-18T18:13:35.1031404+05:30","level":"INFO","class":"com.sridhar.springboot.SpringbootApplication","message":"The following 1 profile is active: \"dev\""}
{"timestamp":"2026-07-18T18:13:36.6755759+05:30","level":"INFO","class":"org.springframework.data.repository.config.RepositoryConfigurationDelegate","message":"Bootstrapping Spring Data JPA repositories in DEFAULT mode."}
{"timestamp":"2026-07-18T18:13:36.8016194+05:30","level":"INFO","class":"org.springframework.data.repository.config.RepositoryConfigurationDelegate","message":"Finished Spring Data repository scanning in 108 ms. Found 1 JPA repository interface."}
{"timestamp":"2026-07-18T18:13:38.3760372+05:30","level":"INFO","class":"org.springframework.boot.web.embedded.tomcat.TomcatWebServer","message":"Tomcat initialized with port 8080 (http)"}
{"timestamp":"2026-07-18T18:13:38.4121149+05:30","level":"INFO","class":"org.apache.coyote.http11.Http11NioProtocol","message":"Initializing ProtocolHandler [\"http-nio-8080\"]"}
{"timestamp":"2026-07-18T18:13:38.4230861+05:30","level":"INFO","class":"org.apache.catalina.core.StandardService","message":"Starting service [Tomcat]"}
{"timestamp":"2026-07-18T18:13:38.4240834+05:30","level":"INFO","class":"org.apache.catalina.core.StandardEngine","message":"Starting Servlet engine: [Apache Tomcat/10.1.42]"}
{"timestamp":"2026-07-18T18:13:38.7135109+05:30","level":"INFO","class":"org.apache.catalina.core.ContainerBase.[Tomcat].[localhost].[/]","message":"Initializing Spring embedded WebApplicationContext"}
{"timestamp":"2026-07-18T18:13:38.716571+05:30","level":"INFO","class":"org.springframework.boot.web.servlet.context.ServletWebServerApplicationContext","message":"Root WebApplicationContext: initialization completed in 3508 ms"}
{"timestamp":"2026-07-18T18:13:38.9135129+05:30","level":"DEBUG","class":"com.sridhar.springboot.logging.filter.RequestLoggingFilter","message":"Filter 'requestLoggingFilter' configured for use"}
{"timestamp":"2026-07-18T18:13:39.4485031+05:30","level":"INFO","class":"com.zaxxer.hikari.HikariDataSource","message":"HikariPool-1 - Starting..."}
{"timestamp":"2026-07-18T18:13:39.8422687+05:30","level":"INFO","class":"com.zaxxer.hikari.pool.HikariPool","message":"HikariPool-1 - Added connection conn0: url=jdbc:h2:mem:studentdb user=SA"}
{"timestamp":"2026-07-18T18:13:39.8455257+05:30","level":"INFO","class":"com.zaxxer.hikari.HikariDataSource","message":"HikariPool-1 - Start completed."}
{"timestamp":"2026-07-18T18:13:39.9247088+05:30","level":"INFO","class":"org.flywaydb.core.FlywayExecutor","message":"Database: jdbc:h2:mem:studentdb (H2 2.3)"}
{"timestamp":"2026-07-18T18:13:39.9846612+05:30","level":"INFO","class":"org.flywaydb.core.internal.schemahistory.JdbcTableSchemaHistory","message":"Schema history table \"PUBLIC\".\"flyway_schema_history\" does not exist yet"}
{"timestamp":"2026-07-18T18:13:39.991549+05:30","level":"INFO","class":"org.flywaydb.core.internal.command.DbValidate","message":"Successfully validated 1 migration (execution time 00:00.038s)"}
{"timestamp":"2026-07-18T18:13:40.0105477+05:30","level":"INFO","class":"org.flywaydb.core.internal.schemahistory.JdbcTableSchemaHistory","message":"Creating Schema History table \"PUBLIC\".\"flyway_schema_history\" ..."}
{"timestamp":"2026-07-18T18:13:40.1016405+05:30","level":"INFO","class":"org.flywaydb.core.internal.command.DbMigrate","message":"Current version of schema \"PUBLIC\": << Empty Schema >>"}
{"timestamp":"2026-07-18T18:13:40.1216573+05:30","level":"INFO","class":"org.flywaydb.core.internal.command.DbMigrate","message":"Migrating schema \"PUBLIC\" to version \"1 - create student table\""}
{"timestamp":"2026-07-18T18:13:40.1709487+05:30","level":"INFO","class":"org.flywaydb.core.internal.command.DbMigrate","message":"Successfully applied 1 migration to schema \"PUBLIC\", now at version v1 (execution time 00:00.020s)"}
{"timestamp":"2026-07-18T18:13:40.4197666+05:30","level":"INFO","class":"org.hibernate.jpa.internal.util.LogHelper","message":"HHH000204: Processing PersistenceUnitInfo [name: default]"}
{"timestamp":"2026-07-18T18:13:40.5387626+05:30","level":"INFO","class":"org.hibernate.Version","message":"HHH000412: Hibernate ORM core version 6.6.18.Final"}
{"timestamp":"2026-07-18T18:13:40.6116758+05:30","level":"INFO","class":"org.hibernate.cache.internal.RegionFactoryInitiator","message":"HHH000026: Second-level cache disabled"}
{"timestamp":"2026-07-18T18:13:41.6336497+05:30","level":"INFO","class":"org.springframework.orm.jpa.persistenceunit.SpringPersistenceUnitInfo","message":"No LoadTimeWeaver setup: ignoring JPA class transformer"}
{"timestamp":"2026-07-18T18:13:41.8583726+05:30","level":"INFO","class":"org.hibernate.orm.connections.pooling","message":"HHH10001005: Database info:\n\tDatabase JDBC URL [Connecting through datasource 'HikariDataSource (HikariPool-1)']\n\tDatabase driver: undefined/unknown\n\tDatabase version: 2.3.232\n\tAutocommit mode: undefined/unknown\n\tIsolation level: undefined/unknown\n\tMinimum pool size: undefined/unknown\n\tMaximum pool size: undefined/unknown"}
{"timestamp":"2026-07-18T18:13:43.339005+05:30","level":"INFO","class":"org.hibernate.engine.transaction.jta.platform.internal.JtaPlatformInitiator","message":"HHH000489: No JTA platform available (set 'hibernate.transaction.jta.platform' to enable JTA platform integration)"}
{"timestamp":"2026-07-18T18:13:43.384295+05:30","level":"INFO","class":"org.springframework.orm.jpa.LocalContainerEntityManagerFactoryBean","message":"Initialized JPA EntityManagerFactory for persistence unit 'default'"}
{"timestamp":"2026-07-18T18:13:44.2464774+05:30","level":"WARN","class":"org.springframework.boot.autoconfigure.orm.jpa.JpaBaseConfiguration$JpaWebConfiguration","message":"spring.jpa.open-in-view is enabled by default. Therefore, database queries may be performed during view rendering. Explicitly configure spring.jpa.open-in-view to disable this warning"}
{"timestamp":"2026-07-18T18:13:44.4726404+05:30","level":"DEBUG","class":"org.springframework.web.servlet.mvc.method.annotation.RequestMappingHandlerMapping","message":"7 mappings in 'requestMappingHandlerMapping'"}
{"timestamp":"2026-07-18T18:13:44.8610773+05:30","level":"DEBUG","class":"org.springframework.web.servlet.handler.SimpleUrlHandlerMapping","message":"Patterns [/webjars/**, /**] in 'resourceHandlerMapping'"}
{"timestamp":"2026-07-18T18:13:44.9415059+05:30","level":"DEBUG","class":"org.springframework.web.servlet.mvc.method.annotation.RequestMappingHandlerAdapter","message":"ControllerAdvice beans: 0 @ModelAttribute, 0 @InitBinder, 1 RequestBodyAdvice, 1 ResponseBodyAdvice"}
{"timestamp":"2026-07-18T18:13:45.0891917+05:30","level":"DEBUG","class":"org.springframework.web.servlet.mvc.method.annotation.ExceptionHandlerExceptionResolver","message":"ControllerAdvice beans: 1 @ExceptionHandler, 1 ResponseBodyAdvice"}
{"timestamp":"2026-07-18T18:13:45.253107+05:30","level":"INFO","class":"org.springframework.boot.autoconfigure.h2.H2ConsoleAutoConfiguration","message":"H2 console available at '/h2-console'. Database available at 'jdbc:h2:mem:studentdb'"}
{"timestamp":"2026-07-18T18:13:45.3868077+05:30","level":"INFO","class":"org.apache.coyote.http11.Http11NioProtocol","message":"Starting ProtocolHandler [\"http-nio-8080\"]"}
{"timestamp":"2026-07-18T18:13:45.4396181+05:30","level":"INFO","class":"org.springframework.boot.web.embedded.tomcat.TomcatWebServer","message":"Tomcat started on port 8080 (http) with context path '/'"}
{"timestamp":"2026-07-18T18:13:45.4542556+05:30","level":"INFO","class":"com.sridhar.springboot.SpringbootApplication","message":"Started SpringbootApplication in 12.182 seconds (process running for 13.751)"}
{"timestamp":"2026-07-18T18:13:46.0639364+05:30","level":"INFO","class":"com.sridhar.springboot.Config.StudentDataInitializer","message":"Initializing student test data for profile: dev"}
{"timestamp":"2026-07-18T18:13:46.3548339+05:30","level":"INFO","class":"com.sridhar.springboot.Config.StudentDataInitializer","message":"Successfully inserted 100 student records"}
{"timestamp":"2026-07-18T18:14:11.6353598+05:30","level":"INFO","class":"org.apache.catalina.core.ContainerBase.[Tomcat].[localhost].[/]","message":"Initializing Spring DispatcherServlet 'dispatcherServlet'"}
{"timestamp":"2026-07-18T18:14:11.6363683+05:30","level":"INFO","class":"org.springframework.web.servlet.DispatcherServlet","message":"Initializing Servlet 'dispatcherServlet'"}
{"timestamp":"2026-07-18T18:14:11.6363683+05:30","level":"DEBUG","class":"org.springframework.web.servlet.DispatcherServlet","message":"Detected StandardServletMultipartResolver"}
{"timestamp":"2026-07-18T18:14:11.6363683+05:30","level":"DEBUG","class":"org.springframework.web.servlet.DispatcherServlet","message":"Detected AcceptHeaderLocaleResolver"}
{"timestamp":"2026-07-18T18:14:11.6363683+05:30","level":"DEBUG","class":"org.springframework.web.servlet.DispatcherServlet","message":"Detected FixedThemeResolver"}
{"timestamp":"2026-07-18T18:14:11.6384212+05:30","level":"DEBUG","class":"org.springframework.web.servlet.DispatcherServlet","message":"Detected org.springframework.web.servlet.view.DefaultRequestToViewNameTranslator@750448fb"}
{"timestamp":"2026-07-18T18:14:11.6384212+05:30","level":"DEBUG","class":"org.springframework.web.servlet.DispatcherServlet","message":"Detected org.springframework.web.servlet.support.SessionFlashMapManager@41dbf02b"}
{"timestamp":"2026-07-18T18:14:11.6394189+05:30","level":"DEBUG","class":"org.springframework.web.servlet.DispatcherServlet","message":"enableLoggingRequestDetails='false': request parameters and headers will be masked to prevent unsafe logging of potentially sensitive data"}
{"timestamp":"2026-07-18T18:14:11.6394189+05:30","level":"INFO","class":"org.springframework.web.servlet.DispatcherServlet","message":"Completed initialization in 3 ms"}
{"timestamp":"2026-07-18T18:14:11.6479799+05:30","level":"INFO","context":{"requestId":"d30a89ee-2c01-4c2b-a447-7d5bd9babaeb"},"class":"com.sridhar.springboot.logging.filter.RequestLoggingFilter","message":"Incoming Request : GET /api/v1/students/getstudent"}
{"timestamp":"2026-07-18T18:14:11.6533259+05:30","level":"DEBUG","context":{"requestId":"d30a89ee-2c01-4c2b-a447-7d5bd9babaeb","service":"student-service"},"class":"org.springframework.web.servlet.DispatcherServlet","message":"GET \"/api/v1/students/getstudent\", parameters={}"}
{"timestamp":"2026-07-18T18:14:11.6718207+05:30","level":"DEBUG","context":{"requestId":"d30a89ee-2c01-4c2b-a447-7d5bd9babaeb","service":"student-service"},"class":"org.springframework.web.servlet.mvc.method.annotation.RequestMappingHandlerMapping","message":"Mapped to com.sridhar.springboot.Controller.StudentController#getStudent()"}
{"timestamp":"2026-07-18T18:14:11.6739426+05:30","level":"INFO","context":{"requestId":"d30a89ee-2c01-4c2b-a447-7d5bd9babaeb","service":"student-service"},"class":"com.sridhar.springboot.logging.interceptor.LoggingInterceptor","message":"Controller=StudentController Method=getStudent started"}
{"timestamp":"2026-07-18T18:14:11.689324+05:30","level":"INFO","context":{"requestId":"d30a89ee-2c01-4c2b-a447-7d5bd9babaeb","service":"student-service"},"class":"com.sridhar.springboot.Controller.StudentController","message":"GET /student/getstudent request received"}
{"timestamp":"2026-07-18T18:14:11.6947785+05:30","level":"INFO","context":{"requestId":"d30a89ee-2c01-4c2b-a447-7d5bd9babaeb","service":"student-service"},"class":"com.sridhar.springboot.logging.aspect.LoggingAspect","message":"Entering StudentService.getStudents()"}
{"timestamp":"2026-07-18T18:14:11.6947785+05:30","level":"INFO","context":{"requestId":"d30a89ee-2c01-4c2b-a447-7d5bd9babaeb","service":"student-service"},"class":"com.sridhar.springboot.Service.StudentService","message":"Fetching all students"}
{"timestamp":"2026-07-18T18:14:11.7511049+05:30","level":"INFO","context":{"requestId":"d30a89ee-2c01-4c2b-a447-7d5bd9babaeb","service":"student-service"},"class":"com.sridhar.springboot.logging.aspect.LoggingAspect","message":"Completed StudentService.getStudents() in 57 ms"}
{"timestamp":"2026-07-18T18:14:11.7511049+05:30","level":"INFO","context":{"requestId":"d30a89ee-2c01-4c2b-a447-7d5bd9babaeb","service":"student-service"},"class":"com.sridhar.springboot.Controller.StudentController","message":"Students fetched successfully. Count=100"}
{"timestamp":"2026-07-18T18:14:11.7786577+05:30","level":"DEBUG","context":{"requestId":"d30a89ee-2c01-4c2b-a447-7d5bd9babaeb","service":"student-service"},"class":"org.springframework.web.servlet.mvc.method.annotation.HttpEntityMethodProcessor","message":"Using 'application/json', given [application/json, text/plain, */*] and supported [application/json, application/*+json]"}
{"timestamp":"2026-07-18T18:14:11.7834374+05:30","level":"DEBUG","context":{"requestId":"d30a89ee-2c01-4c2b-a447-7d5bd9babaeb","service":"student-service"},"class":"org.springframework.web.servlet.mvc.method.annotation.HttpEntityMethodProcessor","message":"Writing [{Students=[Student(ID=1, name=Jack Wilson, course=JAVA, email=student1@studentmanagement.com, phone= (truncated)...]"}
{"timestamp":"2026-07-18T18:14:11.8115571+05:30","level":"INFO","context":{"requestId":"d30a89ee-2c01-4c2b-a447-7d5bd9babaeb","service":"student-service"},"class":"com.sridhar.springboot.logging.interceptor.LoggingInterceptor","message":"Controller=StudentController Method=getStudent completed Status=200 Time=138 ms"}
{"timestamp":"2026-07-18T18:14:11.8187463+05:30","level":"DEBUG","context":{"requestId":"d30a89ee-2c01-4c2b-a447-7d5bd9babaeb","service":"student-service"},"class":"org.springframework.web.servlet.DispatcherServlet","message":"Completed 200 OK"}
{"timestamp":"2026-07-18T18:14:11.8187463+05:30","level":"INFO","context":{"requestId":"d30a89ee-2c01-4c2b-a447-7d5bd9babaeb","service":"student-service"},"class":"com.sridhar.springboot.logging.filter.RequestLoggingFilter","message":"REQUEST COMPLETED : GET /api/v1/students/getstudent Status=200 Time=171ms"}
{"timestamp":"2026-07-18T19:35:24.7343713+05:30","level":"WARN","class":"com.zaxxer.hikari.pool.HikariPool","message":"HikariPool-1 - Thread starvation or clock leap detected (housekeeper delta=40m13s956ms475µs300ns)."}
